Running: /opt/Xilinx/14.7/ISE_DS/ISE/bin/lin64/unwrapped/fuse -incremental -timeprecision_vhdl 1ns -generic_top test_in=../../../src/07_stack/stack-test-in.txt -generic_top test_out=../../../src/07_stack/stack-test-out.txt -prj sim.prj work.stack_test -o sim.exe 
ISim P.20131013 (signature 0xfbc00daa)
Number of CPUs detected in this system: 2
Turning on mult-threading, number of parallel sub-compilation jobs: 4 
Determining compilation order of HDL files
Parsing VHDL file "../../../src/00_util/util-arch.vhdl" into library work
Parsing VHDL file "../../../src/07_stack/stack-arch.vhdl" into library work
Parsing VHDL file "../../../src/07_stack/stack-test.vhdl" into library work
Starting static elaboration
Completed static elaboration
Fuse Memory Usage: 96768 KB
Fuse CPU Usage: 2550 ms
Compiling package standard
Compiling package textio
Compiling package std_logic_1164
Compiling package numeric_std
Compiling package ctype
Compiling package conv
Compiling architecture clock_pulse_arch of entity clock_pulse [\clock_pulse(250)\]
Compiling architecture stack_arch of entity stack [\stack(true,8,16)\]
Compiling architecture stack_test_arch of entity stack_test
Time Resolution for simulation is 1ns.
Waiting for 1 sub-compilation(s) to finish...
Compiled 11 VHDL Units
Built simulation executable sim.exe
Fuse Memory Usage: 412656 KB
Fuse CPU Usage: 3080 ms
GCC CPU Usage: 1180 ms
